20:32:50.648 [main] DEBUG org.apache.poi.openxml4j.opc.PackageRelationshipCollection - Parsing relationship: /_rels/.rels
20:32:50.696 [main] DEBUG org.apache.poi.openxml4j.opc.PackageRelationshipCollection - Parsing relationship: /xl/_rels/workbook.xml.rels
20:32:50.698 [main] DEBUG org.apache.poi.openxml4j.opc.PackageRelationshipCollection - Parsing relationship: /xl/worksheets/_rels/sheet1.xml.rels
20:32:50.699 [main] DEBUG org.apache.poi.openxml4j.opc.PackageRelationshipCollection - Parsing relationship: /_rels/.rels
20:32:50.736 [main] DEBUG org.apache.poi.openxml4j.opc.PackageRelationshipCollection - Parsing relationship: /xl/_rels/workbook.xml.rels
20:32:50.738 [main] DEBUG org.apache.poi.openxml4j.opc.PackageRelationshipCollection - Parsing relationship: /xl/worksheets/_rels/sheet1.xml.rels
20:32:50.739 [main] DEBUG org.apache.poi.openxml4j.opc.PackageRelationshipCollection - Parsing relationship: /_rels/.rels
20:32:50.775 [main] DEBUG org.apache.poi.openxml4j.opc.PackageRelationshipCollection - Parsing relationship: /xl/_rels/workbook.xml.rels
20:32:50.777 [main] DEBUG org.apache.poi.openxml4j.opc.PackageRelationshipCollection - Parsing relationship: /xl/worksheets/_rels/sheet1.xml.rels
20:32:50.779 [main] DEBUG org.apache.poi.openxml4j.opc.PackageRelationshipCollection - Parsing relationship: /_rels/.rels
20:35:44.804 [main] DEBUG org.testng.TestNG - suiteXmlPath: "C:\Users\HP\Downloads\Sai\Eclipse_Workspace1\OpencartV121\master.xml"
20:39:29.008 [main] INFO  testCases.TC001_AccountRegistrationTest - ****Starting TC001_AccountRegistrationTest****
20:39:29.438 [main] INFO  testCases.TC001_AccountRegistrationTest - ****Clicked on MyAccount****
20:39:31.832 [main] INFO  testCases.TC001_AccountRegistrationTest - ****Clicked on Register****
20:40:06.108 [main] INFO  testCases.TC001_AccountRegistrationTest - ****Starting TC001_AccountRegistrationTest****
20:40:06.352 [main] INFO  testCases.TC001_AccountRegistrationTest - ****Clicked on MyAccount****
20:40:07.422 [main] INFO  testCases.TC001_AccountRegistrationTest - ****Clicked on Register****
20:44:33.845 [main] DEBUG org.testng.TestNG - suiteXmlPath: "C:\Users\HP\Downloads\Sai\Eclipse_Workspace1\OpencartV121\master.xml"
20:51:10.508 [main] DEBUG org.testng.TestNG - suiteXmlPath: "C:\Users\HP\Downloads\Sai\Eclipse_Workspace1\OpencartV121\master.xml"
20:52:28.194 [main] DEBUG org.testng.TestNG - suiteXmlPath: "C:\Users\HP\Downloads\Sai\Eclipse_Workspace1\OpencartV121\master.xml"
20:57:10.023 [main] DEBUG org.testng.TestNG - suiteXmlPath: "C:\Users\HP\Downloads\Sai\Eclipse_Workspace1\OpencartV121\master.xml"
20:57:15.873 [main] INFO  testCases.TC001_AccountRegistrationTest - ****Starting TC001_AccountRegistrationTest****
20:57:16.550 [main] INFO  testCases.TC001_AccountRegistrationTest - ****Clicked on MyAccount****
20:57:17.550 [main] INFO  testCases.TC001_AccountRegistrationTest - ****Clicked on Register****
20:57:47.365 [main] DEBUG org.testng.TestNG - suiteXmlPath: "C:\Users\HP\Downloads\Sai\Eclipse_Workspace1\OpencartV121\master.xml"
20:57:53.495 [main] INFO  testCases.TC001_AccountRegistrationTest - ****Starting TC001_AccountRegistrationTest****
20:57:53.935 [main] INFO  testCases.TC001_AccountRegistrationTest - ****Clicked on MyAccount****
20:57:54.664 [main] INFO  testCases.TC001_AccountRegistrationTest - ****Clicked on Register****
20:58:22.894 [main] DEBUG org.testng.TestNG - suiteXmlPath: "C:\Users\HP\Downloads\Sai\Eclipse_Workspace1\OpencartV121\master.xml"
20:58:29.000 [main] INFO  testCases.TC001_AccountRegistrationTest - ****Starting TC001_AccountRegistrationTest****
20:58:29.500 [main] INFO  testCases.TC001_AccountRegistrationTest - ****Clicked on MyAccount****
20:58:30.416 [main] INFO  testCases.TC001_AccountRegistrationTest - ****Clicked on Register****
20:59:05.586 [main] DEBUG org.testng.TestNG - suiteXmlPath: "C:\Users\HP\Downloads\Sai\Eclipse_Workspace1\OpencartV121\master.xml"
20:59:11.531 [main] INFO  testCases.TC001_AccountRegistrationTest - ****Starting TC001_AccountRegistrationTest****
20:59:11.986 [main] INFO  testCases.TC001_AccountRegistrationTest - ****Clicked on MyAccount****
20:59:12.767 [main] INFO  testCases.TC001_AccountRegistrationTest - ****Clicked on Register****
21:06:56.319 [main] DEBUG org.testng.TestNG - suiteXmlPath: "C:\Users\HP\Downloads\Sai\Eclipse_Workspace1\OpencartV121\master.xml"
21:07:02.783 [main] INFO  testCases.TC001_AccountRegistrationTest - ****Starting TC001_AccountRegistrationTest****
21:07:03.462 [main] INFO  testCases.TC001_AccountRegistrationTest - ****Clicked on MyAccount****
21:07:04.401 [main] INFO  testCases.TC001_AccountRegistrationTest - ****Clicked on Register****
21:07:47.615 [main] INFO  testCases.TC002_LoginTests - ****Starting TC002_LoginTests****
21:07:49.958 [main] INFO  testCases.TC002_LoginTests - ****Ending TC002_LogionTests****
21:07:57.091 [main] INFO  testCases.TC002_LoginTests - ****Starting TC002_LoginTests****
21:07:59.851 [main] INFO  testCases.TC002_LoginTests - ****Ending TC002_LogionTests****
